<?xml version="1.0" encoding="UTF-8"?>
<!-- Generated by org.testng.reporters.JUnitReportReporter -->
<testsuite skipped="0" hostname="HOME" name="com.TestNg_Practice.TC04_GroupByTestNG" tests="3" failures="0" timestamp="25 Nov 2019 14:15:52 GMT" time="0.028" errors="0">
  <testcase name="test2" time="0.008" classname="com.TestNg_Practice.TC04_GroupByTestNG"/>
  <testcase name="test3" time="0.008" classname="com.TestNg_Practice.TC04_GroupByTestNG"/>
  <testcase name="test1" time="0.012" classname="com.TestNg_Practice.TC04_GroupByTestNG"/>
</testsuite> <!-- com.TestNg_Practice.TC04_GroupByTestNG -->
