<?xml version="1.0" encoding="UTF-8"?>
<!-- Generated by org.testng.reporters.JUnitReportReporter -->
<testsuite skipped="0" hostname="HOME" name="com.TestNg_Practice.TC08_InvocationCount" tests="5" failures="0" timestamp="28 Nov 2019 03:03:30 GMT" time="31.463" errors="0">
  <testcase name="invocation" time="6.582" classname="com.TestNg_Practice.TC08_InvocationCount"/>
  <testcase name="invocation" time="6.647" classname="com.TestNg_Practice.TC08_InvocationCount"/>
  <testcase name="invocation" time="5.632" classname="com.TestNg_Practice.TC08_InvocationCount"/>
  <testcase name="invocation" time="6.152" classname="com.TestNg_Practice.TC08_InvocationCount"/>
  <testcase name="invocation" time="6.450" classname="com.TestNg_Practice.TC08_InvocationCount"/>
</testsuite> <!-- com.TestNg_Practice.TC08_InvocationCount -->
