<?xml version="1.0" encoding="UTF-8"?>
<!-- Generated by org.testng.reporters.JUnitReportReporter -->
<testsuite skipped="0" hostname="HOME" name="com.TestNg_InterviewQuestions.TC02_DiffBeforeMethodAndBeforeTest" tests="1" failures="0" timestamp="22 Apr 2020 07:06:11 GMT" time="0.000" errors="0">
  <testcase name="test" time="0.000" classname="com.TestNg_InterviewQuestions.TC02_DiffBeforeMethodAndBeforeTest"/>
</testsuite> <!-- com.TestNg_InterviewQuestions.TC02_DiffBeforeMethodAndBeforeTest -->
