<?xml version="1.0" encoding="UTF-8"?>
<!-- Generated by org.testng.reporters.JUnitReportReporter -->
<testsuite skipped="0" hostname="HOME" name="com.TestNg_FailedTestCases.Testcase3" tests="1" failures="0" timestamp="28 Nov 2019 11:36:08 GMT" time="0.014" errors="0">
  <testcase name="wordpress" time="0.014" classname="com.TestNg_FailedTestCases.Testcase3"/>
</testsuite> <!-- com.TestNg_FailedTestCases.Testcase3 -->
