<?xml version="1.0" encoding="UTF-8"?>
<!-- Generated by org.testng.reporters.JUnitReportReporter -->
<testsuite skipped="0" hostname="HOME" name="com.TestNg_Practice.TC09_ParallelTesting" tests="2" failures="0" timestamp="23 Jan 2020 14:56:31 GMT" time="51.341" errors="0">
  <testcase name="test2" time="36.986" classname="com.TestNg_Practice.TC09_ParallelTesting"/>
  <testcase name="test1" time="14.355" classname="com.TestNg_Practice.TC09_ParallelTesting"/>
</testsuite> <!-- com.TestNg_Practice.TC09_ParallelTesting -->
