<?xml version="1.0" encoding="UTF-8"?>
<!-- Generated by org.testng.reporters.JUnitReportReporter -->
<testsuite skipped="0" hostname="HOME" name="com.TestNg_Annotations_InterviewQuestions.TC01_TestNG_Hierarachy" tests="1" failures="0" timestamp="23 Feb 2020 11:58:52 GMT" time="0.008" errors="0">
  <testcase name="Test" time="0.008" classname="com.TestNg_Annotations_InterviewQuestions.TC01_TestNG_Hierarachy"/>
</testsuite> <!-- com.TestNg_Annotations_InterviewQuestions.TC01_TestNG_Hierarachy -->
