<?xml version="1.0" encoding="UTF-8"?>
<!-- Generated by org.testng.reporters.JUnitReportReporter -->
<testsuite skipped="0" hostname="HOME" name="com.TestNg_FailedTestCases.Testcase2" tests="1" failures="0" timestamp="28 Nov 2019 11:34:10 GMT" time="0.004" errors="0">
  <testcase name="Twitter" time="0.004" classname="com.TestNg_FailedTestCases.Testcase2"/>
</testsuite> <!-- com.TestNg_FailedTestCases.Testcase2 -->
