<?xml version="1.0" encoding="UTF-8"?>
<!-- Generated by org.testng.reporters.JUnitReportReporter -->
<testsuite skipped="0" hostname="HOME" name="com.TestNg_Practice.TC12_ListenerTestcase" tests="1" failures="0" timestamp="04 Feb 2020 16:50:32 GMT" time="12.632" errors="0">
  <testcase name="googleTitleVerify" time="12.632" classname="com.TestNg_Practice.TC12_ListenerTestcase"/>
</testsuite> <!-- com.TestNg_Practice.TC12_ListenerTestcase -->
