<?xml version="1.0" encoding="UTF-8"?>
<!-- Generated by org.testng.reporters.JUnitReportReporter -->
<testsuite skipped="0" hostname="HOME" name="com.TestNg_Practice.TC10_CrossBrowserTesting" tests="2" failures="0" timestamp="28 Nov 2019 08:50:32 GMT" time="27.838" errors="0">
  <testcase name="verifyPageTitle" time="17.836" classname="com.TestNg_Practice.TC10_CrossBrowserTesting"/>
  <testcase name="verifyPageTitle" time="10.002" classname="com.TestNg_Practice.TC10_CrossBrowserTesting"/>
</testsuite> <!-- com.TestNg_Practice.TC10_CrossBrowserTesting -->
