<?xml version="1.0" encoding="UTF-8"?>
<!-- Generated by org.testng.reporters.JUnitReportReporter -->
<testsuite skipped="0" hostname="HOME" name="com.TestNg_FailedTestCases.Testcase1" tests="1" failures="0" timestamp="28 Nov 2019 11:34:10 GMT" time="0.011" errors="0">
  <testcase name="facebook" time="0.011" classname="com.TestNg_FailedTestCases.Testcase1"/>
</testsuite> <!-- com.TestNg_FailedTestCases.Testcase1 -->
